This file contains any messages produced by compilers while
running configure, to aid debugging if configure makes a mistake.

It was created by bubblewrap configure 0.8.0, which was
generated by GNU Autoconf 2.69.  Invocation command line was

  $ ./configure 

## --------- ##
## Platform. ##
## --------- ##

hostname = astolfo.astolfo
uname -m = x86_64
uname -r = 5.15.63
uname -s = Linux
uname -v = #1 SMP PREEMPT Thu Aug 25 20:19:19 CDT 2022

/usr/bin/uname -p = AMD Ryzen 7 5800X 8-Core Processor
/bin/uname -X     = unknown

/bin/arch              = x86_64
/usr/bin/arch -k       = unknown
/usr/convex/getsysinfo = unknown
/usr/bin/hostinfo      = unknown
/bin/machine           = unknown
/usr/bin/oslevel       = unknown
/bin/universe          = unknown

PATH: /home/junkiemunkie/lroot/usr/bin
PATH: /home/junkiemunkie/lroot/usr/local/bin
PATH: /home/junkiemunkie/lroot/bin
PATH: /home/junkiemunkie/julia-1.8.2/bin
PATH: /home/junkiemunkie/lroot/opt/signal-beta/bin
PATH: /home/junkiemunkie/go/bin
PATH: /usr/local/bin
PATH: /usr/bin
PATH: /bin
PATH: /usr/games
PATH: /usr/lib64/qt5/bin
PATH: /home/junkiemunkie/plan9/bin


## ----------- ##
## Core tests. ##
## ----------- ##

configure:2244: checking for gcc
configure:2260: found /usr/bin/gcc
configure:2271: result: gcc
configure:2500: checking for C compiler version
configure:2509: gcc --version >&5
gcc (GCC) 11.2.0
Copyright (C) 2021 Free Software Foundation, Inc.
This is free software; see the source for copying conditions.  There is NO
warranty; not even for MERCHANTABILITY or FITNESS FOR A PARTICULAR PURPOSE.

configure:2520: $? = 0
configure:2509: gcc -v >&5
Reading specs from /usr/lib64/gcc/x86_64-slackware-linux/11.2.0/specs
COLLECT_GCC=gcc
COLLECT_LTO_WRAPPER=/usr/libexec/gcc/x86_64-slackware-linux/11.2.0/lto-wrapper
Target: x86_64-slackware-linux
Configured with: ../configure --prefix=/usr --libdir=/usr/lib64 --mandir=/usr/man --infodir=/usr/info --enable-shared --enable-bootstrap --enable-languages=ada,brig,c,c++,d,fortran,go,lto,objc,obj-c++ --enable-threads=posix --enable-checking=release --enable-objc-gc --with-system-zlib --enable-libstdcxx-dual-abi --with-default-libstdcxx-abi=new --disable-libstdcxx-pch --disable-libunwind-exceptions --enable-__cxa_atexit --disable-libssp --enable-gnu-unique-object --enable-plugin --enable-lto --disable-install-libiberty --disable-werror --with-gnu-ld --with-isl --verbose --with-arch-directory=amd64 --disable-gtktest --enable-clocale=gnu --disable-multilib --target=x86_64-slackware-linux --build=x86_64-slackware-linux --host=x86_64-slackware-linux
Thread model: posix
Supported LTO compression algorithms: zlib zstd
gcc version 11.2.0 (GCC) 
configure:2520: $? = 0
configure:2509: gcc -V >&5
gcc: error: unrecognized command-line option '-V'
gcc: fatal error: no input files
compilation terminated.
configure:2520: $? = 1
configure:2509: gcc -qversion >&5
gcc: error: unrecognized command-line option '-qversion'; did you mean '--version'?
gcc: fatal error: no input files
compilation terminated.
configure:2520: $? = 1
configure:2540: checking whether the C compiler works
configure:2562: gcc    conftest.c  >&5
configure:2566: $? = 0
configure:2614: result: yes
configure:2617: checking for C compiler default output file name
configure:2619: result: a.out
configure:2625: checking for suffix of executables
configure:2632: gcc -o conftest    conftest.c  >&5
configure:2636: $? = 0
configure:2658: result: 
configure:2680: checking whether we are cross compiling
configure:2688: gcc -o conftest    conftest.c  >&5
configure:2692: $? = 0
configure:2699: ./conftest
configure:2703: $? = 0
configure:2718: result: no
configure:2723: checking for suffix of object files
configure:2745: gcc -c   conftest.c >&5
configure:2749: $? = 0
configure:2770: result: o
configure:2774: checking whether we are using the GNU C compiler
configure:2793: gcc -c   conftest.c >&5
configure:2793: $? = 0
configure:2802: result: yes
configure:2811: checking whether gcc accepts -g
configure:2831: gcc -c -g  conftest.c >&5
configure:2831: $? = 0
configure:2872: result: yes
configure:2889: checking for gcc option to accept ISO C89
configure:2952: gcc  -c -g -O2  conftest.c >&5
configure:2952: $? = 0
configure:2965: result: none needed
configure:2990: checking whether gcc understands -c and -o together
configure:3012: gcc -c conftest.c -o conftest2.o
configure:3015: $? = 0
configure:3012: gcc -c conftest.c -o conftest2.o
configure:3015: $? = 0
configure:3027: result: yes
configure:3050: checking how to run the C preprocessor
configure:3081: gcc -E  conftest.c
configure:3081: $? = 0
configure:3095: gcc -E  conftest.c
conftest.c:9:10: fatal error: ac_nonexistent.h: No such file or directory
    9 | #include <ac_nonexistent.h>
      |          ^~~~~~~~~~~~~~~~~~
compilation terminated.
configure:3095: $? = 1
configure: failed program was:
| /* confdefs.h */
| #define PACKAGE_NAME "bubblewrap"
| #define PACKAGE_TARNAME "bubblewrap"
| #define PACKAGE_VERSION "0.8.0"
| #define PACKAGE_STRING "bubblewrap 0.8.0"
| #define PACKAGE_BUGREPORT "atomic-devel@projectatomic.io"
| #define PACKAGE_URL ""
| /* end confdefs.h.  */
| #include <ac_nonexistent.h>
configure:3120: result: gcc -E
configure:3140: gcc -E  conftest.c
configure:3140: $? = 0
configure:3154: gcc -E  conftest.c
conftest.c:9:10: fatal error: ac_nonexistent.h: No such file or directory
    9 | #include <ac_nonexistent.h>
      |          ^~~~~~~~~~~~~~~~~~
compilation terminated.
configure:3154: $? = 1
configure: failed program was:
| /* confdefs.h */
| #define PACKAGE_NAME "bubblewrap"
| #define PACKAGE_TARNAME "bubblewrap"
| #define PACKAGE_VERSION "0.8.0"
| #define PACKAGE_STRING "bubblewrap 0.8.0"
| #define PACKAGE_BUGREPORT "atomic-devel@projectatomic.io"
| #define PACKAGE_URL ""
| /* end confdefs.h.  */
| #include <ac_nonexistent.h>
configure:3183: checking for grep that handles long lines and -e
configure:3241: result: /usr/bin/grep
configure:3246: checking for egrep
configure:3308: result: /usr/bin/grep -E
configure:3313: checking for ANSI C header files
configure:3333: gcc -c -g -O2  conftest.c >&5
configure:3333: $? = 0
configure:3406: gcc -o conftest -g -O2   conftest.c  >&5
configure:3406: $? = 0
configure:3406: ./conftest
configure:3406: $? = 0
configure:3417: result: yes
configure:3430: checking for sys/types.h
configure:3430: gcc -c -g -O2  conftest.c >&5
configure:3430: $? = 0
configure:3430: result: yes
configure:3430: checking for sys/stat.h
configure:3430: gcc -c -g -O2  conftest.c >&5
configure:3430: $? = 0
configure:3430: result: yes
configure:3430: checking for stdlib.h
configure:3430: gcc -c -g -O2  conftest.c >&5
configure:3430: $? = 0
configure:3430: result: yes
configure:3430: checking for string.h
configure:3430: gcc -c -g -O2  conftest.c >&5
configure:3430: $? = 0
configure:3430: result: yes
configure:3430: checking for memory.h
configure:3430: gcc -c -g -O2  conftest.c >&5
configure:3430: $? = 0
configure:3430: result: yes
configure:3430: checking for strings.h
configure:3430: gcc -c -g -O2  conftest.c >&5
configure:3430: $? = 0
configure:3430: result: yes
configure:3430: checking for inttypes.h
configure:3430: gcc -c -g -O2  conftest.c >&5
configure:3430: $? = 0
configure:3430: result: yes
configure:3430: checking for stdint.h
configure:3430: gcc -c -g -O2  conftest.c >&5
configure:3430: $? = 0
configure:3430: result: yes
configure:3430: checking for unistd.h
configure:3430: gcc -c -g -O2  conftest.c >&5
configure:3430: $? = 0
configure:3430: result: yes
configure:3443: checking minix/config.h usability
configure:3443: gcc -c -g -O2  conftest.c >&5
conftest.c:52:10: fatal error: minix/config.h: No such file or directory
   52 | #include <minix/config.h>
      |          ^~~~~~~~~~~~~~~~
compilation terminated.
configure:3443: $? = 1
configure: failed program was:
| /* confdefs.h */
| #define PACKAGE_NAME "bubblewrap"
| #define PACKAGE_TARNAME "bubblewrap"
| #define PACKAGE_VERSION "0.8.0"
| #define PACKAGE_STRING "bubblewrap 0.8.0"
| #define PACKAGE_BUGREPORT "atomic-devel@projectatomic.io"
| #define PACKAGE_URL ""
| #define STDC_HEADERS 1
| #define HAVE_SYS_TYPES_H 1
| #define HAVE_SYS_STAT_H 1
| #define HAVE_STDLIB_H 1
| #define HAVE_STRING_H 1
| #define HAVE_MEMORY_H 1
| #define HAVE_STRINGS_H 1
| #define HAVE_INTTYPES_H 1
| #define HAVE_STDINT_H 1
| #define HAVE_UNISTD_H 1
| /* end confdefs.h.  */
| #include <stdio.h>
| #ifdef HAVE_SYS_TYPES_H
| # include <sys/types.h>
| #endif
| #ifdef HAVE_SYS_STAT_H
| # include <sys/stat.h>
| #endif
| #ifdef STDC_HEADERS
| # include <stdlib.h>
| # include <stddef.h>
| #else
| # ifdef HAVE_STDLIB_H
| #  include <stdlib.h>
| # endif
| #endif
| #ifdef HAVE_STRING_H
| # if !defined STDC_HEADERS && defined HAVE_MEMORY_H
| #  include <memory.h>
| # endif
| # include <string.h>
| #endif
| #ifdef HAVE_STRINGS_H
| # include <strings.h>
| #endif
| #ifdef HAVE_INTTYPES_H
| # include <inttypes.h>
| #endif
| #ifdef HAVE_STDINT_H
| # include <stdint.h>
| #endif
| #ifdef HAVE_UNISTD_H
| # include <unistd.h>
| #endif
| #include <minix/config.h>
configure:3443: result: no
configure:3443: checking minix/config.h presence
configure:3443: gcc -E  conftest.c
conftest.c:19:10: fatal error: minix/config.h: No such file or directory
   19 | #include <minix/config.h>
      |          ^~~~~~~~~~~~~~~~
compilation terminated.
configure:3443: $? = 1
configure: failed program was:
| /* confdefs.h */
| #define PACKAGE_NAME "bubblewrap"
| #define PACKAGE_TARNAME "bubblewrap"
| #define PACKAGE_VERSION "0.8.0"
| #define PACKAGE_STRING "bubblewrap 0.8.0"
| #define PACKAGE_BUGREPORT "atomic-devel@projectatomic.io"
| #define PACKAGE_URL ""
| #define STDC_HEADERS 1
| #define HAVE_SYS_TYPES_H 1
| #define HAVE_SYS_STAT_H 1
| #define HAVE_STDLIB_H 1
| #define HAVE_STRING_H 1
| #define HAVE_MEMORY_H 1
| #define HAVE_STRINGS_H 1
| #define HAVE_INTTYPES_H 1
| #define HAVE_STDINT_H 1
| #define HAVE_UNISTD_H 1
| /* end confdefs.h.  */
| #include <minix/config.h>
configure:3443: result: no
configure:3443: checking for minix/config.h
configure:3443: result: no
configure:3464: checking whether it is safe to define __EXTENSIONS__
configure:3482: gcc -c -g -O2  conftest.c >&5
configure:3482: $? = 0
configure:3489: result: yes
configure:3520: checking for a BSD-compatible install
configure:3588: result: /usr/bin/ginstall -c
configure:3599: checking whether build environment is sane
configure:3654: result: yes
configure:3802: checking for a thread-safe mkdir -p
configure:3841: result: /usr/bin/mkdir -p
configure:3848: checking for gawk
configure:3864: found /usr/bin/gawk
configure:3875: result: gawk
configure:3886: checking whether make sets $(MAKE)
configure:3908: result: yes
configure:3930: checking whether make supports the include directive
configure:3945: make -f confmf.GNU && cat confinc.out
this is the am__doit target
configure:3948: $? = 0
configure:3967: result: yes (GNU style)
configure:4000: checking whether make supports nested variables
configure:4017: result: yes
configure:4097: checking whether UID '1000' is supported by ustar format
configure:4100: result: yes
configure:4107: checking whether GID '100' is supported by ustar format
configure:4110: result: yes
configure:4118: checking how to create a ustar tar archive
configure:4129: tar --version
tar (GNU tar) 1.34
Copyright (C) 2021 Free Software Foundation, Inc.
License GPLv3+: GNU GPL version 3 or later <https://gnu.org/licenses/gpl.html>.
This is free software: you are free to change and redistribute it.
There is NO WARRANTY, to the extent permitted by law.

Written by John Gilmore and Jay Fenlason.
configure:4132: $? = 0
configure:4172: tardir=conftest.dir && eval tar --format=ustar -chf - "$tardir" >conftest.tar
configure:4175: $? = 0
configure:4179: tar -xf - <conftest.tar
configure:4182: $? = 0
configure:4184: cat conftest.dir/file
GrepMe
configure:4187: $? = 0
configure:4200: result: gnutar
configure:4209: checking dependency style of gcc
configure:4320: result: gcc3
configure:4379: checking whether to enable maintainer-specific portions of Makefiles
configure:4388: result: yes
configure:4412: checking whether make supports nested variables
configure:4429: result: yes
configure:4448: checking for special C compiler options needed for large files
configure:4493: result: no
configure:4499: checking for _FILE_OFFSET_BITS value needed for large files
configure:4524: gcc -c -g -O2  conftest.c >&5
configure:4524: $? = 0
configure:4556: result: no
configure:4690: checking for gcc
configure:4717: result: gcc
configure:4946: checking for C compiler version
configure:4955: gcc --version >&5
gcc (GCC) 11.2.0
Copyright (C) 2021 Free Software Foundation, Inc.
This is free software; see the source for copying conditions.  There is NO
warranty; not even for MERCHANTABILITY or FITNESS FOR A PARTICULAR PURPOSE.

configure:4966: $? = 0
configure:4955: gcc -v >&5
Reading specs from /usr/lib64/gcc/x86_64-slackware-linux/11.2.0/specs
COLLECT_GCC=gcc
COLLECT_LTO_WRAPPER=/usr/libexec/gcc/x86_64-slackware-linux/11.2.0/lto-wrapper
Target: x86_64-slackware-linux
Configured with: ../configure --prefix=/usr --libdir=/usr/lib64 --mandir=/usr/man --infodir=/usr/info --enable-shared --enable-bootstrap --enable-languages=ada,brig,c,c++,d,fortran,go,lto,objc,obj-c++ --enable-threads=posix --enable-checking=release --enable-objc-gc --with-system-zlib --enable-libstdcxx-dual-abi --with-default-libstdcxx-abi=new --disable-libstdcxx-pch --disable-libunwind-exceptions --enable-__cxa_atexit --disable-libssp --enable-gnu-unique-object --enable-plugin --enable-lto --disable-install-libiberty --disable-werror --with-gnu-ld --with-isl --verbose --with-arch-directory=amd64 --disable-gtktest --enable-clocale=gnu --disable-multilib --target=x86_64-slackware-linux --build=x86_64-slackware-linux --host=x86_64-slackware-linux
Thread model: posix
Supported LTO compression algorithms: zlib zstd
gcc version 11.2.0 (GCC) 
configure:4966: $? = 0
configure:4955: gcc -V >&5
gcc: error: unrecognized command-line option '-V'
gcc: fatal error: no input files
compilation terminated.
configure:4966: $? = 1
configure:4955: gcc -qversion >&5
gcc: error: unrecognized command-line option '-qversion'; did you mean '--version'?
gcc: fatal error: no input files
compilation terminated.
configure:4966: $? = 1
configure:4970: checking whether we are using the GNU C compiler
configure:4998: result: yes
configure:5007: checking whether gcc accepts -g
configure:5068: result: yes
configure:5085: checking for gcc option to accept ISO C89
configure:5161: result: none needed
configure:5186: checking whether gcc understands -c and -o together
configure:5223: result: yes
configure:5295: checking for pkg-config
configure:5313: found /usr/bin/pkg-config
configure:5325: result: /usr/bin/pkg-config
configure:5350: checking pkg-config is at least version 0.9.0
configure:5353: result: yes
configure:5364: checking sys/capability.h usability
configure:5364: gcc -c -g -O2  conftest.c >&5
configure:5364: $? = 0
configure:5364: result: yes
configure:5364: checking sys/capability.h presence
configure:5364: gcc -E  conftest.c
configure:5364: $? = 0
configure:5364: result: yes
configure:5364: checking for sys/capability.h
configure:5364: result: yes
configure:5389: checking for xsltproc
configure:5407: found /usr/bin/xsltproc
configure:5419: result: /usr/bin/xsltproc
configure:5465: checking for bash-completion >= 2.0
configure:5472: $PKG_CONFIG --exists --print-errors "bash-completion >= 2.0"
Package bash-completion was not found in the pkg-config search path.
Perhaps you should add the directory containing `bash-completion.pc'
to the PKG_CONFIG_PATH environment variable
No package 'bash-completion' found
configure:5475: $? = 1
configure:5489: $PKG_CONFIG --exists --print-errors "bash-completion >= 2.0"
Package bash-completion was not found in the pkg-config search path.
Perhaps you should add the directory containing `bash-completion.pc'
to the PKG_CONFIG_PATH environment variable
No package 'bash-completion' found
configure:5492: $? = 1
configure:5506: result: no
No package 'bash-completion' found
configure:5588: checking for libselinux >= 2.1.9
configure:5595: $PKG_CONFIG --exists --print-errors "libselinux >= 2.1.9"
Package libselinux was not found in the pkg-config search path.
Perhaps you should add the directory containing `libselinux.pc'
to the PKG_CONFIG_PATH environment variable
No package 'libselinux' found
configure:5598: $? = 1
configure:5612: $PKG_CONFIG --exists --print-errors "libselinux >= 2.1.9"
Package libselinux was not found in the pkg-config search path.
Perhaps you should add the directory containing `libselinux.pc'
to the PKG_CONFIG_PATH environment variable
No package 'libselinux' found
configure:5615: $? = 1
configure:5629: result: no
No package 'libselinux' found
configure:5666: checking for libselinux >= 2.3
configure:5673: $PKG_CONFIG --exists --print-errors "libselinux >= 2.3"
Package libselinux was not found in the pkg-config search path.
Perhaps you should add the directory containing `libselinux.pc'
to the PKG_CONFIG_PATH environment variable
No package 'libselinux' found
configure:5676: $? = 1
configure:5690: $PKG_CONFIG --exists --print-errors "libselinux >= 2.3"
Package libselinux was not found in the pkg-config search path.
Perhaps you should add the directory containing `libselinux.pc'
to the PKG_CONFIG_PATH environment variable
No package 'libselinux' found
configure:5693: $? = 1
configure:5707: result: no
No package 'libselinux' found
configure:5771: checking if gcc supports flag -pipe in envvar CFLAGS
configure:5782: gcc -o conftest -g -O2 -Werror -pipe   conftest.c  >&5
configure:5782: $? = 0
configure:5792: result: yes
configure:5771: checking if gcc supports flag -Wall in envvar CFLAGS
configure:5782: gcc -o conftest -g -O2 -Werror -Wall   conftest.c  >&5
configure:5782: $? = 0
configure:5792: result: yes
configure:5771: checking if gcc supports flag -Werror=shadow in envvar CFLAGS
configure:5782: gcc -o conftest -g -O2 -Werror -Werror=shadow   conftest.c  >&5
configure:5782: $? = 0
configure:5792: result: yes
configure:5771: checking if gcc supports flag -Werror=empty-body in envvar CFLAGS
configure:5782: gcc -o conftest -g -O2 -Werror -Werror=empty-body   conftest.c  >&5
configure:5782: $? = 0
configure:5792: result: yes
configure:5771: checking if gcc supports flag -Werror=strict-prototypes in envvar CFLAGS
configure:5782: gcc -o conftest -g -O2 -Werror -Werror=strict-prototypes   conftest.c  >&5
configure:5782: $? = 0
configure:5792: result: yes
configure:5771: checking if gcc supports flag -Werror=missing-prototypes in envvar CFLAGS
configure:5782: gcc -o conftest -g -O2 -Werror -Werror=missing-prototypes   conftest.c  >&5
configure:5782: $? = 0
configure:5792: result: yes
configure:5771: checking if gcc supports flag -Werror=implicit-function-declaration in envvar CFLAGS
configure:5782: gcc -o conftest -g -O2 -Werror -Werror=implicit-function-declaration   conftest.c  >&5
configure:5782: $? = 0
configure:5792: result: yes
configure:5771: checking if gcc supports flag -Werror=format=2 -Werror=format-security -Werror=format-nonliteral in envvar CFLAGS
configure:5782: gcc -o conftest -g -O2 -Werror -Werror=format=2 -Werror=format-security -Werror=format-nonliteral   conftest.c  >&5
configure:5782: $? = 0
configure:5792: result: yes
configure:5771: checking if gcc supports flag -Werror=pointer-arith in envvar CFLAGS
configure:5782: gcc -o conftest -g -O2 -Werror -Werror=pointer-arith   conftest.c  >&5
configure:5782: $? = 0
configure:5792: result: yes
configure:5771: checking if gcc supports flag -Werror=init-self in envvar CFLAGS
configure:5782: gcc -o conftest -g -O2 -Werror -Werror=init-self   conftest.c  >&5
configure:5782: $? = 0
configure:5792: result: yes
configure:5771: checking if gcc supports flag -Werror=missing-declarations in envvar CFLAGS
configure:5782: gcc -o conftest -g -O2 -Werror -Werror=missing-declarations   conftest.c  >&5
configure:5782: $? = 0
configure:5792: result: yes
configure:5771: checking if gcc supports flag -Werror=return-type in envvar CFLAGS
configure:5782: gcc -o conftest -g -O2 -Werror -Werror=return-type   conftest.c  >&5
configure:5782: $? = 0
configure:5792: result: yes
configure:5771: checking if gcc supports flag -Werror=overflow in envvar CFLAGS
configure:5782: gcc -o conftest -g -O2 -Werror -Werror=overflow   conftest.c  >&5
configure:5782: $? = 0
configure:5792: result: yes
configure:5771: checking if gcc supports flag -Werror=int-conversion in envvar CFLAGS
configure:5782: gcc -o conftest -g -O2 -Werror -Werror=int-conversion   conftest.c  >&5
configure:5782: $? = 0
configure:5792: result: yes
configure:5771: checking if gcc supports flag -Werror=parenthesis in envvar CFLAGS
configure:5782: gcc -o conftest -g -O2 -Werror -Werror=parenthesis   conftest.c  >&5
cc1: error: '-Werror=parenthesis': no option '-Wparenthesis'; did you mean '-Wparentheses'?
configure:5782: $? = 1
configure: failed program was:
| /* confdefs.h */
| #define PACKAGE_NAME "bubblewrap"
| #define PACKAGE_TARNAME "bubblewrap"
| #define PACKAGE_VERSION "0.8.0"
| #define PACKAGE_STRING "bubblewrap 0.8.0"
| #define PACKAGE_BUGREPORT "atomic-devel@projectatomic.io"
| #define PACKAGE_URL ""
| #define STDC_HEADERS 1
| #define HAVE_SYS_TYPES_H 1
| #define HAVE_SYS_STAT_H 1
| #define HAVE_STDLIB_H 1
| #define HAVE_STRING_H 1
| #define HAVE_MEMORY_H 1
| #define HAVE_STRINGS_H 1
| #define HAVE_INTTYPES_H 1
| #define HAVE_STDINT_H 1
| #define HAVE_UNISTD_H 1
| #define __EXTENSIONS__ 1
| #define _ALL_SOURCE 1
| #define _GNU_SOURCE 1
| #define _POSIX_PTHREAD_SEMANTICS 1
| #define _TANDEM_SOURCE 1
| #define HAVE_SYS_CAPABILITY_H 1
| /* end confdefs.h.  */
| int main(void) { return 0; }
configure:5792: result: no
configure:5771: checking if gcc supports flag -Werror=incompatible-pointer-types in envvar CFLAGS
configure:5782: gcc -o conftest -g -O2 -Werror -Werror=incompatible-pointer-types   conftest.c  >&5
configure:5782: $? = 0
configure:5792: result: yes
configure:5771: checking if gcc supports flag -Werror=misleading-indentation in envvar CFLAGS
configure:5782: gcc -o conftest -g -O2 -Werror -Werror=misleading-indentation   conftest.c  >&5
configure:5782: $? = 0
configure:5792: result: yes
configure:5771: checking if gcc supports flag -Werror=missing-include-dirs in envvar CFLAGS
configure:5782: gcc -o conftest -g -O2 -Werror -Werror=missing-include-dirs   conftest.c  >&5
configure:5782: $? = 0
configure:5792: result: yes
configure:5771: checking if gcc supports flag -Werror=aggregate-return in envvar CFLAGS
configure:5782: gcc -o conftest -g -O2 -Werror -Werror=aggregate-return   conftest.c  >&5
configure:5782: $? = 0
configure:5792: result: yes
configure:5771: checking if gcc supports flag -Werror=switch-default in envvar CFLAGS
configure:5782: gcc -o conftest -g -O2 -Werror -Werror=switch-default   conftest.c  >&5
configure:5782: $? = 0
configure:5792: result: yes
configure:5771: checking if gcc supports flag -Wswitch-enum in envvar CFLAGS
configure:5782: gcc -o conftest -g -O2 -Werror -Wswitch-enum   conftest.c  >&5
configure:5782: $? = 0
configure:5792: result: yes
configure:5803: checking for cap_from_text in -lcap
configure:5828: gcc -o conftest -g -O2   conftest.c -lcap   >&5
configure:5828: $? = 0
configure:5837: result: yes
configure:5900: checking for gawk
configure:5927: result: gawk
configure:6043: checking that generated files are newer than configure
configure:6049: result: done
configure:6096: creating ./config.status

## ---------------------- ##
## Running config.status. ##
## ---------------------- ##

This file was extended by bubblewrap config.status 0.8.0, which was
generated by GNU Autoconf 2.69.  Invocation command line was

  CONFIG_FILES    = 
  CONFIG_HEADERS  = 
  CONFIG_LINKS    = 
  CONFIG_COMMANDS = 
  $ ./config.status 

on astolfo.astolfo

config.status:888: creating Makefile
config.status:888: creating config.h
config.status:1069: config.h is unchanged
config.status:1117: executing depfiles commands
config.status:1194: cd .       && sed -e '/# am--include-marker/d' Makefile         | make -f - am--depfiles
make: Nothing to be done for 'am--depfiles'.
config.status:1199: $? = 0

## ---------------- ##
## Cache variables. ##
## ---------------- ##

ac_cv_c_compiler_gnu=yes
ac_cv_env_BASH_COMPLETION_CFLAGS_set=
ac_cv_env_BASH_COMPLETION_CFLAGS_value=
ac_cv_env_BASH_COMPLETION_LIBS_set=
ac_cv_env_BASH_COMPLETION_LIBS_value=
ac_cv_env_CC_set=
ac_cv_env_CC_value=
ac_cv_env_CFLAGS_set=
ac_cv_env_CFLAGS_value=
ac_cv_env_CPPFLAGS_set=
ac_cv_env_CPPFLAGS_value=
ac_cv_env_CPP_set=
ac_cv_env_CPP_value=
ac_cv_env_LDFLAGS_set=
ac_cv_env_LDFLAGS_value=
ac_cv_env_LIBS_set=
ac_cv_env_LIBS_value=
ac_cv_env_PKG_CONFIG_LIBDIR_set=
ac_cv_env_PKG_CONFIG_LIBDIR_value=
ac_cv_env_PKG_CONFIG_PATH_set=set
ac_cv_env_PKG_CONFIG_PATH_value=/usr/local/lib64/pkgconfig:/usr/local/share/pkgconfig:/usr/lib64/pkgconfig:/usr/share/pkgconfig:/usr/local/lib64/pkgconfig:/usr/local/share/pkgconfig:/usr/local/lib64/pkgconfig:/usr/local/share/pkgconfig:/usr/local/lib64/pkgconfig:/usr/local/share/pkgconfig
ac_cv_env_PKG_CONFIG_set=
ac_cv_env_PKG_CONFIG_value=
ac_cv_env_SELINUX_2_3_CFLAGS_set=
ac_cv_env_SELINUX_2_3_CFLAGS_value=
ac_cv_env_SELINUX_2_3_LIBS_set=
ac_cv_env_SELINUX_2_3_LIBS_value=
ac_cv_env_SELINUX_CFLAGS_set=
ac_cv_env_SELINUX_CFLAGS_value=
ac_cv_env_SELINUX_LIBS_set=
ac_cv_env_SELINUX_LIBS_value=
ac_cv_env_build_alias_set=
ac_cv_env_build_alias_value=
ac_cv_env_host_alias_set=
ac_cv_env_host_alias_value=
ac_cv_env_target_alias_set=
ac_cv_env_target_alias_value=
ac_cv_header_inttypes_h=yes
ac_cv_header_memory_h=yes
ac_cv_header_minix_config_h=no
ac_cv_header_stdc=yes
ac_cv_header_stdint_h=yes
ac_cv_header_stdlib_h=yes
ac_cv_header_string_h=yes
ac_cv_header_strings_h=yes
ac_cv_header_sys_capability_h=yes
ac_cv_header_sys_stat_h=yes
ac_cv_header_sys_types_h=yes
ac_cv_header_unistd_h=yes
ac_cv_lib_cap_cap_from_text=yes
ac_cv_objext=o
ac_cv_path_EGREP='/usr/bin/grep -E'
ac_cv_path_GREP=/usr/bin/grep
ac_cv_path_XSLTPROC=/usr/bin/xsltproc
ac_cv_path_ac_pt_PKG_CONFIG=/usr/bin/pkg-config
ac_cv_path_install='/usr/bin/ginstall -c'
ac_cv_path_mkdir=/usr/bin/mkdir
ac_cv_prog_AWK=gawk
ac_cv_prog_CPP='gcc -E'
ac_cv_prog_ac_ct_CC=gcc
ac_cv_prog_cc_c89=
ac_cv_prog_cc_g=yes
ac_cv_prog_make_make_set=yes
ac_cv_safe_to_define___extensions__=yes
ac_cv_sys_file_offset_bits=no
ac_cv_sys_largefile_CC=no
am_cv_CC_dependencies_compiler_type=gcc3
am_cv_make_support_nested_variables=yes
am_cv_prog_cc_c_o=yes
am_cv_prog_tar_ustar=gnutar
cc_cv_CFLAGS__Wall=yes
cc_cv_CFLAGS__Werror_aggregate_return=yes
cc_cv_CFLAGS__Werror_empty_body=yes
cc_cv_CFLAGS__Werror_format_2__Werror_format_security__Werror_format_nonliteral=yes
cc_cv_CFLAGS__Werror_implicit_function_declaration=yes
cc_cv_CFLAGS__Werror_incompatible_pointer_types=yes
cc_cv_CFLAGS__Werror_init_self=yes
cc_cv_CFLAGS__Werror_int_conversion=yes
cc_cv_CFLAGS__Werror_misleading_indentation=yes
cc_cv_CFLAGS__Werror_missing_declarations=yes
cc_cv_CFLAGS__Werror_missing_include_dirs=yes
cc_cv_CFLAGS__Werror_missing_prototypes=yes
cc_cv_CFLAGS__Werror_overflow=yes
cc_cv_CFLAGS__Werror_parenthesis=no
cc_cv_CFLAGS__Werror_pointer_arith=yes
cc_cv_CFLAGS__Werror_return_type=yes
cc_cv_CFLAGS__Werror_shadow=yes
cc_cv_CFLAGS__Werror_strict_prototypes=yes
cc_cv_CFLAGS__Werror_switch_default=yes
cc_cv_CFLAGS__Wswitch_enum=yes
cc_cv_CFLAGS__pipe=yes

## ----------------- ##
## Output variables. ##
## ----------------- ##

ACLOCAL='${SHELL} /home/junkiemunkie/BUILDIT3/src/external-tools/bubblewrap-0.8.0/build-aux/missing aclocal-1.16'
AMDEPBACKSLASH='\'
AMDEP_FALSE='#'
AMDEP_TRUE=''
AMTAR='$${TAR-tar}'
AM_BACKSLASH='\'
AM_DEFAULT_V='$(AM_DEFAULT_VERBOSITY)'
AM_DEFAULT_VERBOSITY='0'
AM_V='$(V)'
AUTOCONF='${SHELL} /home/junkiemunkie/BUILDIT3/src/external-tools/bubblewrap-0.8.0/build-aux/missing autoconf'
AUTOHEADER='${SHELL} /home/junkiemunkie/BUILDIT3/src/external-tools/bubblewrap-0.8.0/build-aux/missing autoheader'
AUTOMAKE='${SHELL} /home/junkiemunkie/BUILDIT3/src/external-tools/bubblewrap-0.8.0/build-aux/missing automake-1.16'
AWK='gawk'
BASH_COMPLETION_CFLAGS=''
BASH_COMPLETION_DIR='${datarootdir}/bash-completion/completions'
BASH_COMPLETION_LIBS=''
CC='gcc'
CCDEPMODE='depmode=gcc3'
CFLAGS='-g -O2'
CPP='gcc -E'
CPPFLAGS=''
CYGPATH_W='echo'
DEFS='-DHAVE_CONFIG_H'
DEPDIR='.deps'
ECHO_C=''
ECHO_N='-n'
ECHO_T=''
EGREP='/usr/bin/grep -E'
ENABLE_BASH_COMPLETION_FALSE='#'
ENABLE_BASH_COMPLETION_TRUE=''
ENABLE_MAN_FALSE='#'
ENABLE_MAN_TRUE=''
ENABLE_ZSH_COMPLETION_FALSE='#'
ENABLE_ZSH_COMPLETION_TRUE=''
EXEEXT=''
GREP='/usr/bin/grep'
HAVE_SELINUX_FALSE=''
HAVE_SELINUX_TRUE='#'
INSTALL_DATA='${INSTALL} -m 644'
INSTALL_PROGRAM='${INSTALL}'
INSTALL_SCRIPT='${INSTALL}'
INSTALL_STRIP_PROGRAM='$(install_sh) -c -s'
LDFLAGS=''
LIBOBJS=''
LIBS='-lcap '
LTLIBOBJS=''
MAINT=''
MAINTAINER_MODE_FALSE='#'
MAINTAINER_MODE_TRUE=''
MAKEINFO='${SHELL} /home/junkiemunkie/BUILDIT3/src/external-tools/bubblewrap-0.8.0/build-aux/missing makeinfo'
MKDIR_P='/usr/bin/mkdir -p'
OBJEXT='o'
PACKAGE='bubblewrap'
PACKAGE_BUGREPORT='atomic-devel@projectatomic.io'
PACKAGE_NAME='bubblewrap'
PACKAGE_STRING='bubblewrap 0.8.0'
PACKAGE_TARNAME='bubblewrap'
PACKAGE_URL=''
PACKAGE_VERSION='0.8.0'
PATH_SEPARATOR=':'
PKG_CONFIG='/usr/bin/pkg-config'
PKG_CONFIG_LIBDIR=''
PKG_CONFIG_PATH='/usr/local/lib64/pkgconfig:/usr/local/share/pkgconfig:/usr/lib64/pkgconfig:/usr/share/pkgconfig:/usr/local/lib64/pkgconfig:/usr/local/share/pkgconfig:/usr/local/lib64/pkgconfig:/usr/local/share/pkgconfig:/usr/local/lib64/pkgconfig:/usr/local/share/pkgconfig'
PRIV_MODE_SETUID_FALSE=''
PRIV_MODE_SETUID_TRUE='#'
SELINUX_2_3_CFLAGS=''
SELINUX_2_3_LIBS=''
SELINUX_CFLAGS=''
SELINUX_LIBS=''
SET_MAKE=''
SHELL='/bin/sh'
STRIP=''
SUDO_BIN=''
VERSION='0.8.0'
WARN_CFLAGS=' -pipe -Wall -Werror=shadow -Werror=empty-body -Werror=strict-prototypes -Werror=missing-prototypes -Werror=implicit-function-declaration -Werror=format=2 -Werror=format-security -Werror=format-nonliteral -Werror=pointer-arith -Werror=init-self -Werror=missing-declarations -Werror=return-type -Werror=overflow -Werror=int-conversion -Werror=incompatible-pointer-types -Werror=misleading-indentation -Werror=missing-include-dirs -Werror=aggregate-return -Werror=switch-default -Wswitch-enum'
XSLTPROC='/usr/bin/xsltproc'
ZSH_COMPLETION_DIR='${datarootdir}/zsh/site-functions'
ac_ct_CC='gcc'
am__EXEEXT_FALSE=''
am__EXEEXT_TRUE='#'
am__fastdepCC_FALSE='#'
am__fastdepCC_TRUE=''
am__include='include'
am__isrc=''
am__leading_dot='.'
am__nodep='_no'
am__quote=''
am__tar='tar --format=ustar -chf - "$$tardir"'
am__untar='tar -xf -'
bindir='${exec_prefix}/bin'
build_alias=''
datadir='${datarootdir}'
datarootdir='${prefix}/share'
docdir='${datarootdir}/doc/${PACKAGE_TARNAME}'
dvidir='${docdir}'
exec_prefix='${prefix}'
host_alias=''
htmldir='${docdir}'
includedir='${prefix}/include'
infodir='${datarootdir}/info'
install_sh='${SHELL} /home/junkiemunkie/BUILDIT3/src/external-tools/bubblewrap-0.8.0/build-aux/install-sh'
libdir='${exec_prefix}/lib'
libexecdir='${exec_prefix}/libexec'
localedir='${datarootdir}/locale'
localstatedir='${prefix}/var'
mandir='${datarootdir}/man'
mkdir_p='$(MKDIR_P)'
oldincludedir='/usr/include'
pdfdir='${docdir}'
prefix='/usr/local'
program_transform_name='s,x,x,'
psdir='${docdir}'
sbindir='${exec_prefix}/sbin'
sharedstatedir='${prefix}/com'
sysconfdir='${prefix}/etc'
target_alias=''

## ----------- ##
## confdefs.h. ##
## ----------- ##

/* confdefs.h */
#define PACKAGE_NAME "bubblewrap"
#define PACKAGE_TARNAME "bubblewrap"
#define PACKAGE_VERSION "0.8.0"
#define PACKAGE_STRING "bubblewrap 0.8.0"
#define PACKAGE_BUGREPORT "atomic-devel@projectatomic.io"
#define PACKAGE_URL ""
#define STDC_HEADERS 1
#define HAVE_SYS_TYPES_H 1
#define HAVE_SYS_STAT_H 1
#define HAVE_STDLIB_H 1
#define HAVE_STRING_H 1
#define HAVE_MEMORY_H 1
#define HAVE_STRINGS_H 1
#define HAVE_INTTYPES_H 1
#define HAVE_STDINT_H 1
#define HAVE_UNISTD_H 1
#define __EXTENSIONS__ 1
#define _ALL_SOURCE 1
#define _GNU_SOURCE 1
#define _POSIX_PTHREAD_SEMANTICS 1
#define _TANDEM_SOURCE 1
#define HAVE_SYS_CAPABILITY_H 1
#define HAVE_LIBCAP 1

configure: exit 0
